# JRE version: Java(TM) SE Runtime Environment (8.0_05-b13) (build 1.8.0_05-b13)
# Java VM: Java HotSpot(TM) 64-Bit Server VM (25.5-b02 mixed mode windows-amd64 compressed oops)
Heap:
 def new generation   total 460800K, used 306871K [0x00000000a2400000, 0x00000000c1800000, 0x00000000c1800000)
  eden space 409600K,  71% used [0x00000000a2400000, 0x00000000b4228a08, 0x00000000bb400000)
  from space 51200K,  27% used [0x00000000bb400000, 0x00000000bc1854b8, 0x00000000be600000)
  to   space 51200K,   0% used [0x00000000be600000, 0x00000000be600000, 0x00000000c1800000)
 tenured generation   total 1024000K, used 65924K [0x00000000c1800000, 0x0000000100000000, 0x0000000100000000)
   the space 1024000K,   6% used [0x00000000c1800000, 0x00000000c58613c0, 0x00000000c5861400, 0x0000000100000000)
 Metaspace       used 24143K, capacity 25102K, committed 25216K, reserved 1071104K
  class space    used 2698K, capacity 2905K, committed 2944K, reserved 1048576K
GC Heap History (10 events):
Event: 7.790 GC heap before
{Heap before GC invocations=1224 (full 1):
 def new generation   total 460800K, used 424381K [0x00000000a2400000, 0x00000000c1800000, 0x00000000c1800000)
  eden space 409600K, 100% used [0x00000000a2400000, 0x00000000bb400000, 0x00000000bb400000)
  from space 51200K,  28% used [0x00000000be600000, 0x00000000bf46f6c8, 0x00000000c1800000)
  to   space 51200K,   0% used [0x00000000bb400000, 0x00000000bb400000, 0x00000000be600000)
 tenured generation   total 1024000K, used 65924K [0x00000000c1800000, 0x0000000100000000, 0x0000000100000000)
   the space 1024000K,   6% used [0x00000000c1800000, 0x00000000c58613c0, 0x00000000c5861400, 0x0000000100000000)
 Metaspace       used 23718K, capacity 24668K, committed 24960K, reserved 1071104K
  class space    used 2665K, capacity 2870K, committed 2944K, reserved 1048576K
Event: 7.824 GC heap after
Heap after GC invocations=1225 (full 1):
 def new generation   total 460800K, used 16563K [0x00000000a2400000, 0x00000000c1800000, 0x00000000c1800000)
  eden space 409600K,   0% used [0x00000000a2400000, 0x00000000a2400000, 0x00000000bb400000)
  from space 51200K,  32% used [0x00000000bb400000, 0x00000000bc42ccf0, 0x00000000be600000)
  to   space 51200K,   0% used [0x00000000be600000, 0x00000000be600000, 0x00000000c1800000)
 tenured generation   total 1024000K, used 65924K [0x00000000c1800000, 0x0000000100000000, 0x0000000100000000)
   the space 1024000K,   6% used [0x00000000c1800000, 0x00000000c58613c0, 0x00000000c5861400, 0x0000000100000000)
 Metaspace       used 23718K, capacity 24668K, committed 24960K, reserved 1071104K
  class space    used 2665K, capacity 2870K, committed 2944K, reserved 1048576K
}
Event: 8.177 GC heap before
{Heap before GC invocations=1225 (full 1):
 def new generation   total 460800K, used 426163K [0x00000000a2400000, 0x00000000c1800000, 0x00000000c1800000)
  eden space 409600K, 100% used [0x00000000a2400000, 0x00000000bb400000, 0x00000000bb400000)
  from space 51200K,  32% used [0x00000000bb400000, 0x00000000bc42ccf0, 0x00000000be600000)
  to   space 51200K,   0% used [0x00000000be600000, 0x00000000be600000, 0x00000000c1800000)
 tenured generation   total 1024000K, used 65924K [0x00000000c1800000, 0x0000000100000000, 0x0000000100000000)
   the space 1024000K,   6% used [0x00000000c1800000, 0x00000000c58613c0, 0x00000000c5861400, 0x0000000100000000)
 Metaspace       used 24139K, capacity 25102K, committed 25216K, reserved 1071104K
  class space    used 2698K, capacity 2905K, committed 2944K, reserved 1048576K
Event: 8.195 GC heap after
Heap after GC invocations=1226 (full 1):
 def new generation   total 460800K, used 14169K [0x00000000a2400000, 0x00000000c1800000, 0x00000000c1800000)
  eden space 409600K,   0% used [0x00000000a2400000, 0x00000000a2400000, 0x00000000bb400000)
  from space 51200K,  27% used [0x00000000be600000, 0x00000000bf3d67d8, 0x00000000c1800000)
  to   space 51200K,   0% used [0x00000000bb400000, 0x00000000bb400000, 0x00000000be600000)
 tenured generation   total 1024000K, used 65924K [0x00000000c1800000, 0x0000000100000000, 0x0000000100000000)
   the space 1024000K,   6% used [0x00000000c1800000, 0x00000000c58613c0, 0x00000000c5861400, 0x0000000100000000)
 Metaspace       used 24139K, capacity 25102K, committed 25216K, reserved 1071104K
  class space    used 2698K, capacity 2905K, committed 2944K, reserved 1048576K
}
Event: 8.240 GC heap before
{Heap before GC invocations=1226 (full 1):
 def new generation   total 460800K, used 423055K [0x00000000a2400000, 0x00000000c1800000, 0x00000000c1800000)
  eden space 409600K,  99% used [0x00000000a2400000, 0x00000000bb34d780, 0x00000000bb400000)
  from space 51200K,  27% used [0x00000000be600000, 0x00000000bf3d67d8, 0x00000000c1800000)
  to   space 51200K,   0% used [0x00000000bb400000, 0x00000000bb400000, 0x00000000be600000)
 tenured generation   total 1024000K, used 65924K [0x00000000c1800000, 0x0000000100000000, 0x0000000100000000)
   the space 1024000K,   6% used [0x00000000c1800000, 0x00000000c58613c0, 0x00000000c5861400, 0x0000000100000000)
 Metaspace       used 24140K, capacity 25102K, committed 25216K, reserved 1071104K
  class space    used 2698K, capacity 2905K, committed 2944K, reserved 1048576K
Event: 8.253 GC heap after
Heap after GC invocations=1227 (full 1):
 def new generation   total 460800K, used 13848K [0x00000000a2400000, 0x00000000c1800000, 0x00000000c1800000)
  eden space 409600K,   0% used [0x00000000a2400000, 0x00000000a2400000, 0x00000000bb400000)
  from space 51200K,  27% used [0x00000000bb400000, 0x00000000bc186060, 0x00000000be600000)
  to   space 51200K,   0% used [0x00000000be600000, 0x00000000be600000, 0x00000000c1800000)
 tenured generation   total 1024000K, used 65924K [0x00000000c1800000, 0x0000000100000000, 0x0000000100000000)
   the space 1024000K,   6% used [0x00000000c1800000, 0x00000000c58613c0, 0x00000000c5861400, 0x0000000100000000)
 Metaspace       used 24140K, capacity 25102K, committed 25216K, reserved 1071104K
  class space    used 2698K, capacity 2905K, committed 2944K, reserved 1048576K
}
Event: 8.297 GC heap before
{Heap before GC invocations=1227 (full 1):
 def new generation   total 460800K, used 423223K [0x00000000a2400000, 0x00000000c1800000, 0x00000000c1800000)
  eden space 409600K,  99% used [0x00000000a2400000, 0x00000000bb3c7e08, 0x00000000bb400000)
  from space 51200K,  27% used [0x00000000bb400000, 0x00000000bc186060, 0x00000000be600000)
  to   space 51200K,   0% used [0x00000000be600000, 0x00000000be600000, 0x00000000c1800000)
 tenured generation   total 1024000K, used 65924K [0x00000000c1800000, 0x0000000100000000, 0x0000000100000000)
   the space 1024000K,   6% used [0x00000000c1800000, 0x00000000c58613c0, 0x00000000c5861400, 0x0000000100000000)
 Metaspace       used 24140K, capacity 25102K, committed 25216K, reserved 1071104K
  class space    used 2698K, capacity 2905K, committed 2944K, reserved 1048576K
Event: 8.311 GC heap after
Heap after GC invocations=1228 (full 1):
 def new generation   total 460800K, used 13852K [0x00000000a2400000, 0x00000000c1800000, 0x00000000c1800000)
  eden space 409600K,   0% used [0x00000000a2400000, 0x00000000a2400000, 0x00000000bb400000)
  from space 51200K,  27% used [0x00000000be600000, 0x00000000bf387208, 0x00000000c1800000)
  to   space 51200K,   0% used [0x00000000bb400000, 0x00000000bb400000, 0x00000000be600000)
 tenured generation   total 1024000K, used 65924K [0x00000000c1800000, 0x0000000100000000, 0x0000000100000000)
   the space 1024000K,   6% used [0x00000000c1800000, 0x00000000c58613c0, 0x00000000c5861400, 0x0000000100000000)
 Metaspace       used 24140K, capacity 25102K, committed 25216K, reserved 1071104K
  class space    used 2698K, capacity 2905K, committed 2944K, reserved 1048576K
}
Event: 8.356 GC heap before
{Heap before GC invocations=1228 (full 1):
 def new generation   total 460800K, used 422416K [0x00000000a2400000, 0x00000000c1800000, 0x00000000c1800000)
  eden space 409600K,  99% used [0x00000000a2400000, 0x00000000bb2fcef0, 0x00000000bb400000)
  from space 51200K,  27% used [0x00000000be600000, 0x00000000bf387208, 0x00000000c1800000)
  to   space 51200K,   0% used [0x00000000bb400000, 0x00000000bb400000, 0x00000000be600000)
 tenured generation   total 1024000K, used 65924K [0x00000000c1800000, 0x0000000100000000, 0x0000000100000000)
   the space 1024000K,   6% used [0x00000000c1800000, 0x00000000c58613c0, 0x00000000c5861400, 0x0000000100000000)
 Metaspace       used 24143K, capacity 25102K, committed 25216K, reserved 1071104K
  class space    used 2698K, capacity 2905K, committed 2944K, reserved 1048576K
Event: 8.370 GC heap after
Heap after GC invocations=1229 (full 1):
 def new generation   total 460800K, used 13845K [0x00000000a2400000, 0x00000000c1800000, 0x00000000c1800000)
  eden space 409600K,   0% used [0x00000000a2400000, 0x00000000a2400000, 0x00000000bb400000)
  from space 51200K,  27% used [0x00000000bb400000, 0x00000000bc1854b8, 0x00000000be600000)
  to   space 51200K,   0% used [0x00000000be600000, 0x00000000be600000, 0x00000000c1800000)
 tenured generation   total 1024000K, used 65924K [0x00000000c1800000, 0x0000000100000000, 0x0000000100000000)
   the space 1024000K,   6% used [0x00000000c1800000, 0x00000000c58613c0, 0x00000000c5861400, 0x0000000100000000)
 Metaspace       used 24143K, capacity 25102K, committed 25216K, reserved 1071104K
  class space    used 2698K, capacity 2905K, committed 2944K, reserved 1048576K
}

